<?xml version="1.0" encoding="UTF-8"?>
<!-- Generated by org.testng.reporters.JUnitXMLReporter -->
<testsuite ignored="0" hostname="LAPTOP-ODIK6SBS" failures="1" tests="3" name="Error Validations Test" time="28.699" errors="0" timestamp="16 Nov 2024 13:24:39 GMT">
  <testcase classname="Tests.ErrorValidationsTest" name="LoginErrorValidation" time="1.102">
    <skipped/>
  </testcase> <!-- LoginErrorValidation -->
  <testcase classname="Tests.ErrorValidationsTest" name="LoginErrorValidation" time="1.497">
    <failure type="java.lang.AssertionError" message="expected [Incorrect email or password.] but found [Incorrect email password.]">
      <![CDATA[java.lang.AssertionError: expected [Incorrect email or password.] but found [Incorrect email password.]
	at Tests.ErrorValidationsTest.LoginErrorValidation(ErrorValidationsTest.java:23)
	at java.base/java.util.concurrent.FutureTask.run(FutureTask.java:264)
	at java.base/java.util.concurrent.ThreadPoolExecutor.runWorker(ThreadPoolExecutor.java:1136)
	at java.base/java.util.concurrent.ThreadPoolExecutor$Worker.run(ThreadPoolExecutor.java:635)
	at java.base/java.lang.Thread.run(Thread.java:833)
... Removed 22 stack frames]]>
    </failure>
  </testcase> <!-- LoginErrorValidation -->
  <testcase classname="Tests.ErrorValidationsTest" name="ProductErrorValidation" time="5.136"/>
</testsuite> <!-- Error Validations Test -->
