<?xml version="1.0" encoding="UTF-8"?>
<!-- Generated by org.testng.reporters.JUnitXMLReporter -->
<testsuite ignored="0" hostname="LAPTOP-ODIK6SBS" failures="0" tests="3" name="Submit Order Test" time="33.881" errors="0" timestamp="16 Nov 2024 13:24:45 GMT">
  <testcase classname="Tests.AutomationCartTest" name="submitOrder" time="10.618"/>
  <testcase classname="Tests.AutomationCartTest" name="submitOrder" time="5.224"/>
  <testcase classname="Tests.AutomationCartTest" name="OrderHistoryTest" time="1.515"/>
</testsuite> <!-- Submit Order Test -->
