<?xml version="1.0" encoding="UTF-8"?>
<!-- Generated by org.testng.reporters.JUnitXMLReporter -->
<testsuite ignored="1" hostname="LAPTOP-ODIK6SBS" failures="0" tests="2" name="Submit Order Test" time="23.407" errors="0" timestamp="14 Nov 2024 10:56:31 GMT">
  <testcase classname="Tests.AutomationCartTest" name="submitOrder" time="5.446"/>
  <testcase classname="Tests.AutomationCartTest" name="submitOrder" time="5.418"/>
  <testcase classname="Tests.AutomationCartTest" name="verifyOrderHistory" time="0.0">
    <ignored/>
  </testcase> <!-- verifyOrderHistory -->
</testsuite> <!-- Submit Order Test -->
