<?xml version="1.0" encoding="UTF-8"?>
<!-- Generated by org.testng.reporters.JUnitXMLReporter -->
<testsuite ignored="0" hostname="LAPTOP-ODIK6SBS" failures="0" tests="3" name="Submit Order Test" time="22.947" errors="0" timestamp="2024-11-16T20:35:55 BDT">
  <testcase classname="Tests.AutomationCartTest" name="submitOrder" time="4.37"/>
  <testcase classname="Tests.AutomationCartTest" name="submitOrder" time="4.009"/>
  <testcase classname="Tests.AutomationCartTest" name="OrderHistoryTest" time="0.71"/>
</testsuite> <!-- Submit Order Test -->
