<?xml version="1.0" encoding="UTF-8"?>
<testng-results ignored="3" total="5" passed="2" failed="0" skipped="0">
  <reporter-output>
  </reporter-output>
  <suite started-at="2024-11-14T10:42:50Z" name="Suite" finished-at="2024-11-14T10:43:16Z" duration-ms="25606">
    <groups>
      <group name="purchase">
        <method signature="AutomationCartTest.submitOrder(java.lang.String, java.lang.String, java.lang.String)[pri:0, instance:Tests.AutomationCartTest@78d6692f]" name="submitOrder" class="Tests.AutomationCartTest"/>
      </group> <!-- purchase -->
    </groups>
    <test started-at="2024-11-14T10:42:50Z" name="Error Validations Test" finished-at="2024-11-14T10:42:50Z" duration-ms="8">
    </test> <!-- Error Validations Test -->
    <test started-at="2024-11-14T10:42:50Z" name="Submit Order Test" finished-at="2024-11-14T10:43:16Z" duration-ms="25606">
      <class name="Tests.AutomationCartTest">
        <test-method is-config="true" signature="launchApplication()[pri:0, instance:Tests.AutomationCartTest@78d6692f]" started-at="2024-11-14T16:42:50Z" name="launchApplication" finished-at="2024-11-14T16:42:58Z" duration-ms="7461" status="PASS">
          <reporter-output>
          </reporter-output>
        </test-method> <!-- launchApplication -->
        <test-method signature="submitOrder(java.lang.String, java.lang.String, java.lang.String)[pri:0, instance:Tests.AutomationCartTest@78d6692f]" started-at="2024-11-14T16:42:58Z" name="submitOrder" data-provider="getData" finished-at="2024-11-14T16:43:03Z" duration-ms="5331" status="PASS">
          <params>
            <param index="0">
              <value>
                <![CDATA[anshika@gmail.com]]>
              </value>
            </param>
            <param index="1">
              <value>
                <![CDATA[Iamking@000]]>
              </value>
            </param>
            <param index="2">
              <value>
                <![CDATA[ZARA COAT 3]]>
              </value>
            </param>
          </params>
          <reporter-output>
          </reporter-output>
        </test-method> <!-- submitOrder -->
        <test-method is-config="true" signature="tearDown()[pri:0, instance:Tests.AutomationCartTest@78d6692f]" started-at="2024-11-14T16:43:03Z" name="tearDown" finished-at="2024-11-14T16:43:04Z" duration-ms="1260" status="PASS">
          <reporter-output>
          </reporter-output>
        </test-method> <!-- tearDown -->
        <test-method is-config="true" signature="launchApplication()[pri:0, instance:Tests.AutomationCartTest@78d6692f]" started-at="2024-11-14T16:43:04Z" name="launchApplication" finished-at="2024-11-14T16:43:09Z" duration-ms="5060" status="PASS">
          <reporter-output>
          </reporter-output>
        </test-method> <!-- launchApplication -->
        <test-method signature="submitOrder(java.lang.String, java.lang.String, java.lang.String)[pri:0, instance:Tests.AutomationCartTest@78d6692f]" started-at="2024-11-14T16:43:09Z" name="submitOrder" data-provider="getData" finished-at="2024-11-14T16:43:15Z" duration-ms="5487" status="PASS">
          <params>
            <param index="0">
              <value>
                <![CDATA[shetty@gmail.com]]>
              </value>
            </param>
            <param index="1">
              <value>
                <![CDATA[Iamking@000]]>
              </value>
            </param>
            <param index="2">
              <value>
                <![CDATA[ADIDAS ORIGINAL]]>
              </value>
            </param>
          </params>
          <reporter-output>
          </reporter-output>
        </test-method> <!-- submitOrder -->
        <test-method is-config="true" signature="tearDown()[pri:0, instance:Tests.AutomationCartTest@78d6692f]" started-at="2024-11-14T16:43:15Z" name="tearDown" finished-at="2024-11-14T16:43:16Z" duration-ms="977" status="PASS">
          <reporter-output>
          </reporter-output>
        </test-method> <!-- tearDown -->
      </class> <!-- Tests.AutomationCartTest -->
    </test> <!-- Submit Order Test -->
  </suite> <!-- Suite -->
</testng-results>
